<?xml version="1.0" encoding="UTF-8"?>
<!-- Generated by org.testng.reporters.JUnitXMLReporter -->
<testsuite ignored="0" hostname="DESKTOP-JMKOJCR" failures="0" tests="6" name="Test Case 1" time="139.738" errors="0" timestamp="2023-09-05T15:29:21 IST">
  <testcase classname="com.Tc.MakeOrder.AddItemToCart" name="testLogIn" time="45.071"/>
  <testcase classname="com.Tc.MakeOrder.AddItemToCart" name="searchRestaurantMethod" time="9.513"/>
  <testcase classname="com.Tc.MakeOrder.AddItemToCart" name="searchItemMethod" time="20.776"/>
  <testcase classname="com.Tc.MakeOrder.AddItemToCart" name="OrderPlace" time="6.3"/>
  <testcase classname="com.Tc.MakeOrder.AddItemToCart" name="doPayment" time="31.175"/>
  <testcase classname="com.Tc.MakeOrder.AddItemToCart" name="appLogout" time="4.806"/>
</testsuite> <!-- Test Case 1 -->
