<?xml version="1.0" encoding="UTF-8"?>
<!-- Generated by org.testng.reporters.JUnitXMLReporter -->
<testsuite ignored="0" hostname="DESKTOP-JMKOJCR" failures="1" tests="6" name="Test Case 2" time="117.034" errors="0" timestamp="2023-09-05T15:31:18 IST">
  <testcase classname="com.Tc.MakeOrder.CollectionOrderWithLogOut" name="testLogIn" time="43.992"/>
  <testcase classname="com.Tc.MakeOrder.CollectionOrderWithLogOut" name="searchRestaurantMethod" time="10.613"/>
  <testcase classname="com.Tc.MakeOrder.CollectionOrderWithLogOut" name="searchItemMethod" time="20.727"/>
  <testcase classname="com.Tc.MakeOrder.CollectionOrderWithLogOut" name="OrderPlace" time="7.349"/>
  <testcase classname="com.Tc.MakeOrder.CollectionOrderWithLogOut" name="doPayment" time="14.777"/>
  <testcase classname="com.Tc.MakeOrder.CollectionOrderWithLogOut" name="appLogout" time="4.078">
    <failure type="org.openqa.selenium.NoSuchElementException" message="An element could not be located on the page using the given search parameters.
For documentation on this error, please visit: https://www.selenium.dev/documentation/webdriver/troubleshooting/errors#no-such-element-exception
Build info: version: &amp;apos;4.11.0&amp;apos;, revision: &amp;apos;040bc5406b&amp;apos;
System info: os.name: &amp;apos;Windows 10&amp;apos;, os.arch: &amp;apos;amd64&amp;apos;, os.version: &amp;apos;10.0&amp;apos;, java.version: &amp;apos;17.0.7&amp;apos;
Driver info: io.appium.java_client.android.AndroidDriver
Command: [b0443231-8260-4c40-a7ab-66f62db428d6, findElement {using=xpath, value=//android.widget.FrameLayout[@content-desc=&amp;quot;Settings&amp;quot;]/android.widget.FrameLayout[2]/android.widget.ImageView}]
Capabilities {appium:appActivity: com.tiffintom.ui.base.MainA..., appium:appPackage: com.tiffintom, appium:automationName: uiautomator2, appium:databaseEnabled: false, appium:desired: {appActivity: com.tiffintom.ui.base.MainA..., appPackage: com.tiffintom, automationName: uiautomator2, deviceName: Nokia 8.1, fullReset: false, noReset: true, platformName: ANDROID, platformVersion: 11, udid: PNXID18121001695}, appium:deviceApiLevel: 30, appium:deviceManufacturer: HMD Global, appium:deviceModel: Nokia 8.1, appium:deviceName: PNXID18121001695, appium:deviceScreenDensity: 460, appium:deviceScreenSize: 1080x2246, appium:deviceUDID: PNXID18121001695, appium:fullReset: false, appium:javascriptEnabled: true, appium:locationContextEnabled: false, appium:networkConnectionEnabled: true, appium:noReset: true, appium:pixelRatio: 2.875, appium:platformVersion: 11, appium:statBarHeight: 86, appium:takesScreenshot: true, appium:udid: PNXID18121001695, appium:viewportRect: {height: 1948, left: 0, top: 86, width: 1080}, appium:warnings: {}, appium:webStorageEnabled: false, platformName: ANDROID}
Session ID: b0443231-8260-4c40-a7ab-66f62db428d6">
      <![CDATA[org.openqa.selenium.NoSuchElementException: An element could not be located on the page using the given search parameters.
For documentation on this error, please visit: https://www.selenium.dev/documentation/webdriver/troubleshooting/errors#no-such-element-exception
Build info: version: '4.11.0', revision: '040bc5406b'
System info: os.name: 'Windows 10', os.arch: 'amd64', os.version: '10.0', java.version: '17.0.7'
Driver info: io.appium.java_client.android.AndroidDriver
Command: [b0443231-8260-4c40-a7ab-66f62db428d6, findElement {using=xpath, value=//android.widget.FrameLayout[@content-desc="Settings"]/android.widget.FrameLayout[2]/android.widget.ImageView}]
Capabilities {appium:appActivity: com.tiffintom.ui.base.MainA..., appium:appPackage: com.tiffintom, appium:automationName: uiautomator2, appium:databaseEnabled: false, appium:desired: {appActivity: com.tiffintom.ui.base.MainA..., appPackage: com.tiffintom, automationName: uiautomator2, deviceName: Nokia 8.1, fullReset: false, noReset: true, platformName: ANDROID, platformVersion: 11, udid: PNXID18121001695}, appium:deviceApiLevel: 30, appium:deviceManufacturer: HMD Global, appium:deviceModel: Nokia 8.1, appium:deviceName: PNXID18121001695, appium:deviceScreenDensity: 460, appium:deviceScreenSize: 1080x2246, appium:deviceUDID: PNXID18121001695, appium:fullReset: false, appium:javascriptEnabled: true, appium:locationContextEnabled: false, appium:networkConnectionEnabled: true, appium:noReset: true, appium:pixelRatio: 2.875, appium:platformVersion: 11, appium:statBarHeight: 86, appium:takesScreenshot: true, appium:udid: PNXID18121001695, appium:viewportRect: {height: 1948, left: 0, top: 86, width: 1080}, appium:warnings: {}, appium:webStorageEnabled: false, platformName: ANDROID}
Session ID: b0443231-8260-4c40-a7ab-66f62db428d6
at org.openqa.selenium.remote.codec.w3c.W3CHttpResponseCodec.createException(W3CHttpResponseCodec.java:200)
at org.openqa.selenium.remote.codec.w3c.W3CHttpResponseCodec.decode(W3CHttpResponseCodec.java:133)
at org.openqa.selenium.remote.codec.w3c.W3CHttpResponseCodec.decode(W3CHttpResponseCodec.java:52)
at org.openqa.selenium.remote.HttpCommandExecutor.execute(HttpCommandExecutor.java:191)
at io.appium.java_client.remote.AppiumCommandExecutor.execute(AppiumCommandExecutor.java:250)
at org.openqa.selenium.remote.RemoteWebDriver.execute(RemoteWebDriver.java:518)
at org.openqa.selenium.remote.ElementLocation$ElementFinder$2.findElement(ElementLocation.java:165)
at org.openqa.selenium.remote.ElementLocation.findElement(ElementLocation.java:59)
at org.openqa.selenium.remote.RemoteWebDriver.findElement(RemoteWebDriver.java:355)
at org.openqa.selenium.remote.RemoteWebDriver.findElement(RemoteWebDriver.java:349)
at com.Tc.Utility.Mylibrary.logOut(Mylibrary.java:108)
at com.Tc.MakeOrder.CollectionOrderWithLogOut.appLogout(CollectionOrderWithLogOut.java:62)
at java.base/java.util.ArrayList.forEach(ArrayList.java:1511)
... Removed 32 stack frames]]>
    </failure>
  </testcase> <!-- appLogout -->
</testsuite> <!-- Test Case 2 -->
